<?xml version="1.0" encoding="UTF-8"?>
<!-- Generated by org.testng.reporters.JUnitReportReporter -->
<testsuite skipped="0" hostname="Varsha-Home" name="com.TestNg.testNgHomeWork" tests="2" failures="0" timestamp="2020-06-04T09:39:38 MST" time="4.500" errors="0">
  <testcase name="login1" time="2.576" classname="com.TestNg.testNgHomeWork"/>
  <system-out/>
  <testcase name="login" time="1.924" classname="com.TestNg.testNgHomeWork"/>
  <system-out/>
</testsuite> <!-- com.TestNg.testNgHomeWork -->
