<?xml version="1.0" encoding="UTF-8"?>
<!-- Generated by org.testng.reporters.JUnitReportReporter -->
<testsuite skipped="0" hostname="Varsha-Home" name="com.TestNg.priorityTestCase" tests="3" failures="0" timestamp="2020-06-03T11:45:29 MST" time="0.020" errors="0">
  <testcase name="testcase2" time="0.011" classname="com.TestNg.priorityTestCase"/>
  <system-out/>
  <testcase name="testcase3" time="0.006" classname="com.TestNg.priorityTestCase"/>
  <system-out/>
  <testcase name="testcase1" time="0.003" classname="com.TestNg.priorityTestCase"/>
  <system-out/>
</testsuite> <!-- com.TestNg.priorityTestCase -->
