<?xml version="1.0" encoding="UTF-8"?>
<!-- Generated by org.testng.reporters.JUnitReportReporter -->
<testsuite skipped="0" hostname="Varsha-Home" name="com.TestNg.newTestNg" tests="3" failures="0" timestamp="2020-06-03T10:56:16 MST" time="0.036" errors="0">
  <testcase name="testCase1" time="0.010" classname="com.TestNg.newTestNg"/>
  <system-out/>
  <testcase name="testCase3" time="0.007" classname="com.TestNg.newTestNg"/>
  <system-out/>
  <testcase name="testCase2" time="0.019" classname="com.TestNg.newTestNg"/>
  <system-out/>
</testsuite> <!-- com.TestNg.newTestNg -->
